<?xml version="1.0" encoding="UTF-8"?>
<!-- Generated by org.testng.reporters.JUnitReportReporter -->
<testsuite skipped="0" hostname="LAPTOP-P7042C9B" name="Demo" tests="1" failures="0" timestamp="04 Jan 2019 22:08:53 GMT" time="0.016" errors="0">
  <testcase name="demo" time="0.016" classname="Demo"/>
</testsuite> <!-- Demo -->
