<?xml version="1.0" encoding="UTF-8"?>
<!-- Generated by org.testng.reporters.JUnitReportReporter -->
<testsuite skipped="0" hostname="LAPTOP-P7042C9B" name="Basic.Child" tests="2" failures="0" timestamp="06 Jan 2019 23:13:33 GMT" time="37.793" errors="0">
  <testcase name="signin" time="14.955" classname="Basic.Child"/>
  <testcase name="login" time="22.838" classname="Basic.Child"/>
</testsuite> <!-- Basic.Child -->
