<?xml version="1.0" encoding="UTF-8"?>
<!-- Generated by org.testng.reporters.JUnitReportReporter -->
<testsuite skipped="0" hostname="LAPTOP-P7042C9B" name="Basic.Globalisation" tests="1" failures="0" timestamp="06 Jan 2019 23:11:56 GMT" time="0.016" errors="0">
  <testcase name="login" time="0.016" classname="Basic.Globalisation"/>
</testsuite> <!-- Basic.Globalisation -->
