<?xml version="1.0" encoding="UTF-8"?>
<!-- Generated by org.testng.reporters.JUnitReportReporter -->
<testsuite skipped="0" hostname="LAPTOP-P7042C9B" name="Basic.Carloan" tests="3" failures="0" timestamp="06 Jan 2019 05:18:43 GMT" time="0.016" errors="0">
  <testcase name="Webcarloan" time="0.007" classname="Basic.Carloan"/>
  <testcase name="APIcarloan" time="0.005" classname="Basic.Carloan"/>
  <testcase name="Mobilecarloan" time="0.004" classname="Basic.Carloan"/>
</testsuite> <!-- Basic.Carloan -->
