<?xml version="1.0" encoding="UTF-8"?>
<!-- Generated by org.testng.reporters.JUnitReportReporter -->
<testsuite skipped="1" hostname="LAPTOP-P7042C9B" name="Basic.Homeloan" tests="3" failures="0" timestamp="06 Jan 2019 05:18:43 GMT" time="0.006" errors="0">
  <testcase name="MobileHomeloan" time="0.003" classname="Basic.Homeloan"/>
  <testcase name="WebHomeloan" time="0.003" classname="Basic.Homeloan"/>
  <testcase name="APIHomeloan" classname="Basic.Homeloan">
    <skipped/>
  </testcase> <!-- APIHomeloan -->
</testsuite> <!-- Basic.Homeloan -->
