<?xml version="1.0" encoding="UTF-8"?>
<!-- Generated by org.testng.reporters.JUnitReportReporter -->
<testsuite skipped="0" hostname="LAPTOP-P7042C9B" name="Day1" tests="1" failures="0" timestamp="04 Jan 2019 23:23:51 GMT" time="0.015" errors="0">
  <testcase name="demo1" time="0.015" classname="Day1"/>
</testsuite> <!-- Day1 -->
