<?xml version="1.0" encoding="UTF-8"?>
<!-- Generated by org.testng.reporters.JUnitReportReporter -->
<testsuite skipped="0" hostname="LAPTOP-P7042C9B" name="Basic.Dataprovider" tests="2" failures="0" timestamp="06 Jan 2019 05:18:43 GMT" time="0.007" errors="0">
  <testcase name="sample" time="0.002" classname="Basic.Dataprovider"/>
  <testcase name="sample" time="0.005" classname="Basic.Dataprovider"/>
</testsuite> <!-- Basic.Dataprovider -->
