<?xml version="1.0" encoding="UTF-8"?>
<!-- Generated by org.testng.reporters.JUnitReportReporter -->
<testsuite skipped="0" hostname="LAPTOP-P7042C9B" name="Basic.day2" tests="1" failures="0" timestamp="06 Jan 2019 05:18:43 GMT" time="0.003" errors="0">
  <testcase name="demo" time="0.003" classname="Basic.day2"/>
</testsuite> <!-- Basic.day2 -->
